GROUP,PACKAGE,CLASS,INSTRUCTION_MISSED,INSTRUCTION_COVERED,BRANCH_MISSED,BRANCH_COVERED,LINE_MISSED,LINE_COVERED,COMPLEXITY_MISSED,COMPLEXITY_COVERED,METHOD_MISSED,METHOD_COVERED
e-shop,it.unipd.mtss.business,Conto,14,313,7,55,2,74,5,33,0,7
e-shop,it.unipd.mtss.business,Acquisti,7,140,4,18,0,27,3,11,0,3
e-shop,it.unipd.mtss.business.exception,BillException,0,6,0,0,0,3,0,1,0,1
e-shop,it.unipd.mtss.model,itemType,0,34,0,0,0,1,0,1,0,1
e-shop,it.unipd.mtss.model,EItem,3,18,0,0,1,7,1,3,1,3
e-shop,it.unipd.mtss.model,User,0,31,0,0,0,11,0,6,0,6
